[ERROR]2024-10-2321:34:43.069[main]utilities.LoggerLoad1)-Steps Failed, Taking Screenshot
[ERROR]2024-10-2321:34:43.545[main]io.qameta.allure.AllureLifecycle1)-Could not add attachment: no test is running
[ERROR]2024-10-2321:34:51.246[main]utilities.LoggerLoad1)-Steps Failed, Taking Screenshot
[ERROR]2024-10-2321:34:51.530[main]io.qameta.allure.AllureLifecycle1)-Could not add attachment: no test is running
[ERROR]2024-10-2321:34:51.542[main]utilities.LoggerLoad1)-Steps Failed, Taking Screenshot
[ERROR]2024-10-2321:34:51.749[main]io.qameta.allure.AllureLifecycle1)-Could not add attachment: no test is running
[ERROR]2024-10-2321:47:34.134[main]utilities.LoggerLoad1)-Steps Failed, Taking Screenshot
[ERROR]2024-10-2321:47:34.437[main]io.qameta.allure.AllureLifecycle1)-Could not add attachment: no test is running
[ERROR]2024-10-2321:50:48.540[main]utilities.LoggerLoad1)-Steps Failed, Taking Screenshot
[ERROR]2024-10-2321:50:48.802[main]io.qameta.allure.AllureLifecycle1)-Could not add attachment: no test is running
[ERROR]2024-10-2321:51:00.827[main]utilities.LoggerLoad1)-Steps Failed, Taking Screenshot
[ERROR]2024-10-2321:51:01.121[main]io.qameta.allure.AllureLifecycle1)-Could not add attachment: no test is running
[ERROR]2024-10-2321:51:01.131[main]utilities.LoggerLoad1)-Steps Failed, Taking Screenshot
[ERROR]2024-10-2321:51:01.333[main]io.qameta.allure.AllureLifecycle1)-Could not add attachment: no test is running
[ERROR]2024-10-2321:51:47.584[main]utilities.LoggerLoad1)-Steps Failed, Taking Screenshot
[ERROR]2024-10-2321:51:47.896[main]io.qameta.allure.AllureLifecycle1)-Could not add attachment: no test is running
[ERROR]2024-10-2321:51:57.766[main]utilities.LoggerLoad1)-Steps Failed, Taking Screenshot
[ERROR]2024-10-2321:51:58.093[main]io.qameta.allure.AllureLifecycle1)-Could not add attachment: no test is running
[ERROR]2024-10-2321:51:58.103[main]utilities.LoggerLoad1)-Steps Failed, Taking Screenshot
[ERROR]2024-10-2321:51:58.305[main]io.qameta.allure.AllureLifecycle1)-Could not add attachment: no test is running
[ERROR]2024-10-2321:52:37.850[main]utilities.LoggerLoad1)-Steps Failed, Taking Screenshot
[ERROR]2024-10-2321:52:38.139[main]io.qameta.allure.AllureLifecycle1)-Could not add attachment: no test is running
[ERROR]2024-10-2321:53:00.052[main]utilities.LoggerLoad1)-Steps Failed, Taking Screenshot
[ERROR]2024-10-2321:53:00.305[main]io.qameta.allure.AllureLifecycle1)-Could not add attachment: no test is running
[ERROR]2024-10-2321:53:00.315[main]utilities.LoggerLoad1)-Steps Failed, Taking Screenshot
[ERROR]2024-10-2321:53:00.535[main]io.qameta.allure.AllureLifecycle1)-Could not add attachment: no test is running
[ERROR]2024-10-2321:55:57.509[main]utilities.LoggerLoad1)-Steps Failed, Taking Screenshot
[ERROR]2024-10-2321:55:57.782[main]io.qameta.allure.AllureLifecycle1)-Could not add attachment: no test is running
[ERROR]2024-10-2321:56:09.979[main]utilities.LoggerLoad1)-Steps Failed, Taking Screenshot
[ERROR]2024-10-2321:56:10.256[main]io.qameta.allure.AllureLifecycle1)-Could not add attachment: no test is running
[ERROR]2024-10-2321:56:10.265[main]utilities.LoggerLoad1)-Steps Failed, Taking Screenshot
[ERROR]2024-10-2321:56:10.485[main]io.qameta.allure.AllureLifecycle1)-Could not add attachment: no test is running
[ERROR]2024-10-2322:20:22.753[main]utilities.LoggerLoad1)-Steps Failed, Taking Screenshot
[ERROR]2024-10-2322:20:23.076[main]io.qameta.allure.AllureLifecycle1)-Could not add attachment: no test is running
[ERROR]2024-10-2322:20:29.741[main]utilities.LoggerLoad1)-Steps Failed, Taking Screenshot
[ERROR]2024-10-2322:20:30.011[main]io.qameta.allure.AllureLifecycle1)-Could not add attachment: no test is running
[ERROR]2024-10-2322:20:30.021[main]utilities.LoggerLoad1)-Steps Failed, Taking Screenshot
[ERROR]2024-10-2322:20:30.226[main]io.qameta.allure.AllureLifecycle1)-Could not add attachment: no test is running
[ERROR]2024-10-2322:22:55.873[main]utilities.LoggerLoad1)-Steps Failed, Taking Screenshot
[ERROR]2024-10-2322:22:56.173[main]io.qameta.allure.AllureLifecycle1)-Could not add attachment: no test is running
[ERROR]2024-10-2322:23:07.830[main]utilities.LoggerLoad1)-Steps Failed, Taking Screenshot
[ERROR]2024-10-2322:23:08.098[main]io.qameta.allure.AllureLifecycle1)-Could not add attachment: no test is running
[ERROR]2024-10-2322:23:08.108[main]utilities.LoggerLoad1)-Steps Failed, Taking Screenshot
[ERROR]2024-10-2322:23:08.312[main]io.qameta.allure.AllureLifecycle1)-Could not add attachment: no test is running
[ERROR]2024-10-2322:24:24.469[main]utilities.LoggerLoad1)-Steps Failed, Taking Screenshot
[ERROR]2024-10-2322:24:24.781[main]io.qameta.allure.AllureLifecycle1)-Could not add attachment: no test is running
[ERROR]2024-10-2322:24:34.751[main]utilities.LoggerLoad1)-Steps Failed, Taking Screenshot
[ERROR]2024-10-2322:24:35.016[main]io.qameta.allure.AllureLifecycle1)-Could not add attachment: no test is running
[ERROR]2024-10-2322:24:35.025[main]utilities.LoggerLoad1)-Steps Failed, Taking Screenshot
[ERROR]2024-10-2322:24:35.216[main]io.qameta.allure.AllureLifecycle1)-Could not add attachment: no test is running
[ERROR]2024-10-2322:29:30.329[main]utilities.LoggerLoad1)-Steps Failed, Taking Screenshot
[ERROR]2024-10-2322:29:30.615[main]io.qameta.allure.AllureLifecycle1)-Could not add attachment: no test is running
[ERROR]2024-10-2322:29:41.867[main]utilities.LoggerLoad1)-Steps Failed, Taking Screenshot
[ERROR]2024-10-2322:29:42.159[main]io.qameta.allure.AllureLifecycle1)-Could not add attachment: no test is running
[ERROR]2024-10-2322:29:42.169[main]utilities.LoggerLoad1)-Steps Failed, Taking Screenshot
[ERROR]2024-10-2322:29:42.343[main]io.qameta.allure.AllureLifecycle1)-Could not add attachment: no test is running
[ERROR]2024-10-2322:46:38.406[main]utilities.LoggerLoad1)-Steps Failed, Taking Screenshot
[ERROR]2024-10-2322:46:38.691[main]io.qameta.allure.AllureLifecycle1)-Could not add attachment: no test is running
[ERROR]2024-10-2322:46:49.407[main]utilities.LoggerLoad1)-Steps Failed, Taking Screenshot
[ERROR]2024-10-2322:46:49.626[main]io.qameta.allure.AllureLifecycle1)-Could not add attachment: no test is running
[ERROR]2024-10-2322:46:49.634[main]utilities.LoggerLoad1)-Steps Failed, Taking Screenshot
[ERROR]2024-10-2322:46:49.878[main]io.qameta.allure.AllureLifecycle1)-Could not add attachment: no test is running
[ERROR]2024-10-2322:55:06.408[main]utilities.LoggerLoad1)-Steps Failed, Taking Screenshot
[ERROR]2024-10-2322:55:06.698[main]io.qameta.allure.AllureLifecycle1)-Could not add attachment: no test is running
[ERROR]2024-10-2322:55:18.082[main]utilities.LoggerLoad1)-Steps Failed, Taking Screenshot
[ERROR]2024-10-2322:55:18.350[main]io.qameta.allure.AllureLifecycle1)-Could not add attachment: no test is running
[ERROR]2024-10-2322:55:18.358[main]utilities.LoggerLoad1)-Steps Failed, Taking Screenshot
[ERROR]2024-10-2322:55:18.584[main]io.qameta.allure.AllureLifecycle1)-Could not add attachment: no test is running
[ERROR]2024-10-2322:56:29.616[main]utilities.LoggerLoad1)-Steps Failed, Taking Screenshot
[ERROR]2024-10-2322:56:29.951[main]io.qameta.allure.AllureLifecycle1)-Could not add attachment: no test is running
[ERROR]2024-10-2323:34:01.645[main]utilities.LoggerLoad1)-Steps Failed, Taking Screenshot
[ERROR]2024-10-2323:34:02.031[main]io.qameta.allure.AllureLifecycle1)-Could not add attachment: no test is running
[ERROR]2024-10-2323:34:02.043[main]utilities.LoggerLoad1)-Steps Failed, Taking Screenshot
[ERROR]2024-10-2323:34:02.223[main]io.qameta.allure.AllureLifecycle1)-Could not add attachment: no test is running
[ERROR]2024-10-2323:34:02.226[main]utilities.LoggerLoad1)-Steps Failed, Taking Screenshot
[ERROR]2024-10-2323:34:02.442[main]io.qameta.allure.AllureLifecycle1)-Could not add attachment: no test is running
[ERROR]2024-10-2323:34:02.444[main]utilities.LoggerLoad1)-Steps Failed, Taking Screenshot
[ERROR]2024-10-2323:34:02.629[main]io.qameta.allure.AllureLifecycle1)-Could not add attachment: no test is running
